<?xml version="1.0" encoding="UTF-8"?>
<!-- Generated by org.testng.reporters.JUnitReportReporter -->
<testsuite hostname="DESKTOP-ABNUCIB" failures="0" tests="4" name="com.capium.automation.businessScript.RunnerClass" time="119.049" errors="0" timestamp="2020-12-22T17:22:56 IST" skipped="1">
  <testcase classname="com.capium.automation.businessScript.RunnerClass" name="login_InvalidDetails" time="13.788"/>
  <system-out/>
  <testcase classname="com.capium.automation.businessScript.RunnerClass" name="login_ValidDetails" time="68.028"/>
  <system-out/>
  <testcase classname="com.capium.automation.businessScript.RunnerClass" name="CreateNewClient" time="37.233"/>
  <system-out/>
  <testcase classname="com.capium.automation.businessScript.RunnerClass" name="validating_Links_In_WelcomePage">
    <skipped/>
  </testcase> <!-- validating_Links_In_WelcomePage -->
  <system-out/>
</testsuite> <!-- com.capium.automation.businessScript.RunnerClass -->
